-------------------------------------------------------------------------------
Test set: com.baeldung.SpringContextTest
-------------------------------------------------------------------------------
Tests run: 1, Failures: 0, Errors: 1, Skipped: 0, Time elapsed: 0.005 s <<< FAILURE! - in com.baeldung.SpringContextTest
initializationError(com.baeldung.SpringContextTest)  Time elapsed: 0.001 s  <<< ERROR!
java.lang.Exception: No runnable methods

